2026-02-09 08:59:01 | INFO     | [__init__] 游 DataExtractorOmie inicializado com sucesso.
2026-02-09 08:59:10 | INFO     | [__init__] 游 DataExtractorOmie inicializado com sucesso.
2026-02-09 08:59:30 | INFO     | [__init__] 游 DataExtractorOmie inicializado com sucesso.
2026-02-09 08:59:34 | INFO     | [__init__] 游 DataExtractorOmie inicializado com sucesso.
2026-02-09 09:01:52 | INFO     | [__init__] 游 DataExtractorOmie (Vers칚o Per칤odo) inicializado.
2026-02-09 09:02:12 | INFO     | [executar_extracao] 游니 Buscando pedidos de 01/01/2025 at칠 01/01/2025...
2026-02-09 09:02:16 | ERROR    | [executar_extracao] 游눤 Falha na extra칞칚o (P치g 1): 500 Server Error: Internal Server Error for url: https://app.omie.com.br/api/v1/produtos/pedido/
2026-02-09 09:05:15 | INFO     | [run_extraction] 游 Iniciando Extra칞칚o DDD: 01/01/2025 at칠 31/01/2025
2026-02-09 09:05:22 | INFO     | [run_extraction] 游늯 P치gina 1/12 ok. Total parcial: 100
2026-02-09 09:05:26 | INFO     | [run_extraction] 游늯 P치gina 2/12 ok. Total parcial: 200
2026-02-09 09:05:31 | INFO     | [run_extraction] 游늯 P치gina 3/12 ok. Total parcial: 300
2026-02-09 09:05:37 | INFO     | [run_extraction] 游늯 P치gina 4/12 ok. Total parcial: 392
2026-02-09 09:05:42 | INFO     | [run_extraction] 游늯 P치gina 5/12 ok. Total parcial: 488
2026-02-09 09:05:47 | INFO     | [run_extraction] 游늯 P치gina 6/12 ok. Total parcial: 579
2026-02-09 09:05:52 | INFO     | [run_extraction] 游늯 P치gina 7/12 ok. Total parcial: 664
2026-02-09 09:05:57 | INFO     | [run_extraction] 游늯 P치gina 8/12 ok. Total parcial: 752
2026-02-09 09:06:02 | INFO     | [run_extraction] 游늯 P치gina 9/12 ok. Total parcial: 846
2026-02-09 09:06:07 | INFO     | [run_extraction] 游늯 P치gina 10/12 ok. Total parcial: 932
2026-02-09 09:06:12 | INFO     | [run_extraction] 游늯 P치gina 11/12 ok. Total parcial: 994
2026-02-09 09:06:14 | INFO     | [run_extraction] 游늯 P치gina 12/12 ok. Total parcial: 994
2026-02-09 09:06:15 | INFO     | [_save] 游 Sucesso! 994 pedidos salvos em C:\Users\nathan.silva\Desktop\Faturamento_Python_Monitoria\data\processed_billing\faturamento_01_01_2025.json
